[Tue Oct 08 05:56:38.956361 2019] [mpm_prefork:notice] [pid 1] AH00163: Apache/2.4.25 (Debian) PHP/7.2.10 OpenSSL/1.0.2l configured -- resuming normal operations
[Tue Oct 08 05:56:38.956443 2019] [core:notice] [pid 1] AH00094: Command line: 'apache2 -D FOREGROUND'
[Tue Oct 08 06:16:52.903247 2019] [mpm_prefork:notice] [pid 1] AH00169: caught SIGTERM, shutting down
[Tue Oct 08 06:17:38.156641 2019] [mpm_prefork:notice] [pid 1] AH00163: Apache/2.4.25 (Debian) PHP/7.2.10 OpenSSL/1.0.2l configured -- resuming normal operations
[Tue Oct 08 06:17:38.156717 2019] [core:notice] [pid 1] AH00094: Command line: 'apache2 -D FOREGROUND'
[Tue Oct 08 10:03:35.314371 2019] [core:warn] [pid 1] AH00045: child process 16 still did not exit, sending a SIGTERM
[Tue Oct 08 10:03:35.874799 2019] [core:warn] [pid 1] AH00045: child process 17 still did not exit, sending a SIGTERM
[Tue Oct 08 10:03:35.874821 2019] [core:warn] [pid 1] AH00045: child process 18 still did not exit, sending a SIGTERM
[Tue Oct 08 10:03:35.874833 2019] [core:warn] [pid 1] AH00045: child process 19 still did not exit, sending a SIGTERM
[Tue Oct 08 10:03:35.874844 2019] [core:warn] [pid 1] AH00045: child process 20 still did not exit, sending a SIGTERM
[Tue Oct 08 10:03:35.874856 2019] [core:warn] [pid 1] AH00045: child process 32 still did not exit, sending a SIGTERM
[Tue Oct 08 10:03:35.874868 2019] [core:warn] [pid 1] AH00045: child process 103 still did not exit, sending a SIGTERM
[Tue Oct 08 10:03:35.874880 2019] [core:warn] [pid 1] AH00045: child process 104 still did not exit, sending a SIGTERM
[Tue Oct 08 10:03:35.874892 2019] [core:warn] [pid 1] AH00045: child process 105 still did not exit, sending a SIGTERM
[Tue Oct 08 10:03:36.875933 2019] [core:warn] [pid 1] AH00045: child process 16 still did not exit, sending a SIGTERM
[Tue Oct 08 10:03:36.875986 2019] [core:warn] [pid 1] AH00045: child process 17 still did not exit, sending a SIGTERM
[Tue Oct 08 10:03:36.875998 2019] [core:warn] [pid 1] AH00045: child process 18 still did not exit, sending a SIGTERM
[Tue Oct 08 10:03:36.876010 2019] [core:warn] [pid 1] AH00045: child process 19 still did not exit, sending a SIGTERM
[Tue Oct 08 10:03:36.876021 2019] [core:warn] [pid 1] AH00045: child process 20 still did not exit, sending a SIGTERM
[Tue Oct 08 10:03:36.876033 2019] [core:warn] [pid 1] AH00045: child process 32 still did not exit, sending a SIGTERM
[Tue Oct 08 10:03:36.876044 2019] [core:warn] [pid 1] AH00045: child process 103 still did not exit, sending a SIGTERM
[Tue Oct 08 10:03:36.876056 2019] [core:warn] [pid 1] AH00045: child process 104 still did not exit, sending a SIGTERM
[Tue Oct 08 10:03:36.876067 2019] [core:warn] [pid 1] AH00045: child process 105 still did not exit, sending a SIGTERM
[Tue Oct 08 10:03:38.878186 2019] [core:warn] [pid 1] AH00045: child process 16 still did not exit, sending a SIGTERM
[Tue Oct 08 10:03:38.878232 2019] [core:warn] [pid 1] AH00045: child process 17 still did not exit, sending a SIGTERM
[Tue Oct 08 10:03:38.878244 2019] [core:warn] [pid 1] AH00045: child process 18 still did not exit, sending a SIGTERM
[Tue Oct 08 10:03:38.878255 2019] [core:warn] [pid 1] AH00045: child process 19 still did not exit, sending a SIGTERM
[Tue Oct 08 10:03:38.878267 2019] [core:warn] [pid 1] AH00045: child process 20 still did not exit, sending a SIGTERM
[Tue Oct 08 10:03:38.878279 2019] [core:warn] [pid 1] AH00045: child process 32 still did not exit, sending a SIGTERM
[Tue Oct 08 10:03:38.878291 2019] [core:warn] [pid 1] AH00045: child process 103 still did not exit, sending a SIGTERM
[Tue Oct 08 10:03:38.878302 2019] [core:warn] [pid 1] AH00045: child process 104 still did not exit, sending a SIGTERM
[Tue Oct 08 10:03:38.878337 2019] [core:warn] [pid 1] AH00045: child process 105 still did not exit, sending a SIGTERM
[Tue Oct 08 10:03:40.880422 2019] [core:error] [pid 1] AH00046: child process 16 still did not exit, sending a SIGKILL
[Tue Oct 08 10:03:40.880467 2019] [core:error] [pid 1] AH00046: child process 17 still did not exit, sending a SIGKILL
[Tue Oct 08 10:03:40.880480 2019] [core:error] [pid 1] AH00046: child process 18 still did not exit, sending a SIGKILL
[Tue Oct 08 10:03:40.880514 2019] [core:error] [pid 1] AH00046: child process 19 still did not exit, sending a SIGKILL
[Tue Oct 08 10:03:40.880532 2019] [core:error] [pid 1] AH00046: child process 20 still did not exit, sending a SIGKILL
[Tue Oct 08 10:03:40.880548 2019] [core:error] [pid 1] AH00046: child process 32 still did not exit, sending a SIGKILL
[Tue Oct 08 10:03:40.880563 2019] [core:error] [pid 1] AH00046: child process 103 still did not exit, sending a SIGKILL
[Tue Oct 08 10:03:40.880578 2019] [core:error] [pid 1] AH00046: child process 104 still did not exit, sending a SIGKILL
[Tue Oct 08 10:03:40.880593 2019] [core:error] [pid 1] AH00046: child process 105 still did not exit, sending a SIGKILL
[Tue Oct 08 10:03:42.100899 2019] [mpm_prefork:notice] [pid 1] AH00169: caught SIGTERM, shutting down
[Thu Oct 10 01:47:08.113248 2019] [mpm_prefork:notice] [pid 1] AH00163: Apache/2.4.25 (Debian) PHP/7.2.10 OpenSSL/1.0.2l configured -- resuming normal operations
[Thu Oct 10 01:47:08.113321 2019] [core:notice] [pid 1] AH00094: Command line: 'apache2 -D FOREGROUND'
[Thu Oct 10 10:16:28.505524 2019] [mpm_prefork:notice] [pid 1] AH00169: caught SIGTERM, shutting down
[Fri Oct 11 01:20:19.377704 2019] [mpm_prefork:notice] [pid 1] AH00163: Apache/2.4.25 (Debian) PHP/7.2.10 OpenSSL/1.0.2l configured -- resuming normal operations
[Fri Oct 11 01:20:19.467661 2019] [core:notice] [pid 1] AH00094: Command line: 'apache2 -D FOREGROUND'
[Fri Oct 11 10:11:40.206541 2019] [core:warn] [pid 1] AH00045: child process 16 still did not exit, sending a SIGTERM
[Fri Oct 11 10:11:40.315537 2019] [core:warn] [pid 1] AH00045: child process 17 still did not exit, sending a SIGTERM
[Fri Oct 11 10:11:40.315558 2019] [core:warn] [pid 1] AH00045: child process 18 still did not exit, sending a SIGTERM
[Fri Oct 11 10:11:40.315567 2019] [core:warn] [pid 1] AH00045: child process 19 still did not exit, sending a SIGTERM
[Fri Oct 11 10:11:40.315575 2019] [core:warn] [pid 1] AH00045: child process 20 still did not exit, sending a SIGTERM
[Fri Oct 11 10:11:40.315584 2019] [core:warn] [pid 1] AH00045: child process 21 still did not exit, sending a SIGTERM
[Fri Oct 11 10:11:40.315592 2019] [core:warn] [pid 1] AH00045: child process 22 still did not exit, sending a SIGTERM
[Fri Oct 11 10:11:40.315601 2019] [core:warn] [pid 1] AH00045: child process 23 still did not exit, sending a SIGTERM
[Fri Oct 11 10:11:40.315610 2019] [core:warn] [pid 1] AH00045: child process 547 still did not exit, sending a SIGTERM
[Fri Oct 11 10:11:42.317740 2019] [core:warn] [pid 1] AH00045: child process 16 still did not exit, sending a SIGTERM
[Fri Oct 11 10:11:42.317785 2019] [core:warn] [pid 1] AH00045: child process 17 still did not exit, sending a SIGTERM
[Fri Oct 11 10:11:42.317797 2019] [core:warn] [pid 1] AH00045: child process 18 still did not exit, sending a SIGTERM
[Fri Oct 11 10:11:42.317807 2019] [core:warn] [pid 1] AH00045: child process 19 still did not exit, sending a SIGTERM
[Fri Oct 11 10:11:42.317818 2019] [core:warn] [pid 1] AH00045: child process 20 still did not exit, sending a SIGTERM
[Fri Oct 11 10:11:42.317828 2019] [core:warn] [pid 1] AH00045: child process 21 still did not exit, sending a SIGTERM
[Fri Oct 11 10:11:42.317839 2019] [core:warn] [pid 1] AH00045: child process 22 still did not exit, sending a SIGTERM
[Fri Oct 11 10:11:42.317849 2019] [core:warn] [pid 1] AH00045: child process 23 still did not exit, sending a SIGTERM
[Fri Oct 11 10:11:42.317860 2019] [core:warn] [pid 1] AH00045: child process 547 still did not exit, sending a SIGTERM
[Fri Oct 11 10:11:44.465530 2019] [mpm_prefork:notice] [pid 1] AH00169: caught SIGTERM, shutting down
[Mon Oct 14 01:10:10.831757 2019] [mpm_prefork:notice] [pid 1] AH00163: Apache/2.4.25 (Debian) PHP/7.2.10 OpenSSL/1.0.2l configured -- resuming normal operations
[Mon Oct 14 01:10:10.890507 2019] [core:notice] [pid 1] AH00094: Command line: 'apache2 -D FOREGROUND'
[Mon Oct 14 10:09:11.200795 2019] [core:warn] [pid 1] AH00045: child process 297 still did not exit, sending a SIGTERM
[Mon Oct 14 10:09:11.907975 2019] [core:warn] [pid 1] AH00045: child process 18 still did not exit, sending a SIGTERM
[Mon Oct 14 10:09:11.907994 2019] [core:warn] [pid 1] AH00045: child process 19 still did not exit, sending a SIGTERM
[Mon Oct 14 10:09:11.908002 2019] [core:warn] [pid 1] AH00045: child process 20 still did not exit, sending a SIGTERM
[Mon Oct 14 10:09:11.908010 2019] [core:warn] [pid 1] AH00045: child process 21 still did not exit, sending a SIGTERM
[Mon Oct 14 10:09:11.908018 2019] [core:warn] [pid 1] AH00045: child process 296 still did not exit, sending a SIGTERM
[Mon Oct 14 10:09:11.908026 2019] [core:warn] [pid 1] AH00045: child process 202 still did not exit, sending a SIGTERM
[Mon Oct 14 10:09:11.908034 2019] [core:warn] [pid 1] AH00045: child process 203 still did not exit, sending a SIGTERM
[Mon Oct 14 10:09:11.908042 2019] [core:warn] [pid 1] AH00045: child process 204 still did not exit, sending a SIGTERM
[Mon Oct 14 10:09:11.908049 2019] [core:warn] [pid 1] AH00045: child process 205 still did not exit, sending a SIGTERM
[Mon Oct 14 10:09:12.909093 2019] [core:warn] [pid 1] AH00045: child process 297 still did not exit, sending a SIGTERM
[Mon Oct 14 10:09:12.909133 2019] [core:warn] [pid 1] AH00045: child process 18 still did not exit, sending a SIGTERM
[Mon Oct 14 10:09:12.909143 2019] [core:warn] [pid 1] AH00045: child process 19 still did not exit, sending a SIGTERM
[Mon Oct 14 10:09:12.909151 2019] [core:warn] [pid 1] AH00045: child process 20 still did not exit, sending a SIGTERM
[Mon Oct 14 10:09:12.909159 2019] [core:warn] [pid 1] AH00045: child process 21 still did not exit, sending a SIGTERM
[Mon Oct 14 10:09:12.909168 2019] [core:warn] [pid 1] AH00045: child process 296 still did not exit, sending a SIGTERM
[Mon Oct 14 10:09:12.909177 2019] [core:warn] [pid 1] AH00045: child process 202 still did not exit, sending a SIGTERM
[Mon Oct 14 10:09:12.909185 2019] [core:warn] [pid 1] AH00045: child process 203 still did not exit, sending a SIGTERM
[Mon Oct 14 10:09:12.909193 2019] [core:warn] [pid 1] AH00045: child process 204 still did not exit, sending a SIGTERM
[Mon Oct 14 10:09:12.909201 2019] [core:warn] [pid 1] AH00045: child process 205 still did not exit, sending a SIGTERM
[Mon Oct 14 10:09:14.911320 2019] [core:warn] [pid 1] AH00045: child process 297 still did not exit, sending a SIGTERM
[Mon Oct 14 10:09:14.911357 2019] [core:warn] [pid 1] AH00045: child process 18 still did not exit, sending a SIGTERM
[Mon Oct 14 10:09:14.911365 2019] [core:warn] [pid 1] AH00045: child process 19 still did not exit, sending a SIGTERM
[Mon Oct 14 10:09:14.911373 2019] [core:warn] [pid 1] AH00045: child process 20 still did not exit, sending a SIGTERM
[Mon Oct 14 10:09:14.911381 2019] [core:warn] [pid 1] AH00045: child process 21 still did not exit, sending a SIGTERM
[Mon Oct 14 10:09:14.911389 2019] [core:warn] [pid 1] AH00045: child process 296 still did not exit, sending a SIGTERM
[Mon Oct 14 10:09:14.911397 2019] [core:warn] [pid 1] AH00045: child process 202 still did not exit, sending a SIGTERM
[Mon Oct 14 10:09:14.911405 2019] [core:warn] [pid 1] AH00045: child process 203 still did not exit, sending a SIGTERM
[Mon Oct 14 10:09:14.911412 2019] [core:warn] [pid 1] AH00045: child process 204 still did not exit, sending a SIGTERM
[Mon Oct 14 10:09:14.911420 2019] [core:warn] [pid 1] AH00045: child process 205 still did not exit, sending a SIGTERM
[Mon Oct 14 10:09:16.913549 2019] [core:error] [pid 1] AH00046: child process 297 still did not exit, sending a SIGKILL
[Mon Oct 14 10:09:16.913598 2019] [core:error] [pid 1] AH00046: child process 18 still did not exit, sending a SIGKILL
[Mon Oct 14 10:09:16.913613 2019] [core:error] [pid 1] AH00046: child process 19 still did not exit, sending a SIGKILL
[Mon Oct 14 10:09:16.913630 2019] [core:error] [pid 1] AH00046: child process 20 still did not exit, sending a SIGKILL
[Mon Oct 14 10:09:16.917374 2019] [core:error] [pid 1] AH00046: child process 21 still did not exit, sending a SIGKILL
[Mon Oct 14 10:09:16.919546 2019] [core:error] [pid 1] AH00046: child process 296 still did not exit, sending a SIGKILL
[Mon Oct 14 10:09:16.919603 2019] [core:error] [pid 1] AH00046: child process 202 still did not exit, sending a SIGKILL
[Mon Oct 14 10:09:16.919617 2019] [core:error] [pid 1] AH00046: child process 203 still did not exit, sending a SIGKILL
[Mon Oct 14 10:09:16.919630 2019] [core:error] [pid 1] AH00046: child process 204 still did not exit, sending a SIGKILL
[Mon Oct 14 10:09:16.919650 2019] [core:error] [pid 1] AH00046: child process 205 still did not exit, sending a SIGKILL
[Mon Oct 14 10:09:18.010620 2019] [mpm_prefork:notice] [pid 1] AH00169: caught SIGTERM, shutting down
[Tue Oct 15 01:50:11.561685 2019] [mpm_prefork:notice] [pid 1] AH00163: Apache/2.4.25 (Debian) PHP/7.2.10 OpenSSL/1.0.2l configured -- resuming normal operations
[Tue Oct 15 01:50:11.662813 2019] [core:notice] [pid 1] AH00094: Command line: 'apache2 -D FOREGROUND'
[Tue Oct 15 09:53:37.662396 2019] [mpm_prefork:notice] [pid 1] AH00169: caught SIGTERM, shutting down
[Tue Oct 15 09:59:49.201724 2019] [mpm_prefork:notice] [pid 1] AH00163: Apache/2.4.25 (Debian) PHP/7.2.10 OpenSSL/1.0.2l configured -- resuming normal operations
[Tue Oct 15 09:59:49.270164 2019] [core:notice] [pid 1] AH00094: Command line: 'apache2 -D FOREGROUND'
[Tue Oct 15 10:09:49.536357 2019] [mpm_prefork:notice] [pid 1] AH00169: caught SIGTERM, shutting down
[Wed Oct 16 01:07:07.862076 2019] [mpm_prefork:notice] [pid 1] AH00163: Apache/2.4.25 (Debian) PHP/7.2.10 OpenSSL/1.0.2l configured -- resuming normal operations
[Wed Oct 16 01:07:07.996691 2019] [core:notice] [pid 1] AH00094: Command line: 'apache2 -D FOREGROUND'
[Wed Oct 16 10:28:32.310458 2019] [core:warn] [pid 1] AH00045: child process 16 still did not exit, sending a SIGTERM
[Wed Oct 16 10:28:33.132427 2019] [core:warn] [pid 1] AH00045: child process 17 still did not exit, sending a SIGTERM
[Wed Oct 16 10:28:33.132456 2019] [core:warn] [pid 1] AH00045: child process 18 still did not exit, sending a SIGTERM
[Wed Oct 16 10:28:33.132465 2019] [core:warn] [pid 1] AH00045: child process 19 still did not exit, sending a SIGTERM
[Wed Oct 16 10:28:33.132473 2019] [core:warn] [pid 1] AH00045: child process 20 still did not exit, sending a SIGTERM
[Wed Oct 16 10:28:33.132482 2019] [core:warn] [pid 1] AH00045: child process 27 still did not exit, sending a SIGTERM
[Wed Oct 16 10:28:33.132491 2019] [core:warn] [pid 1] AH00045: child process 28 still did not exit, sending a SIGTERM
[Wed Oct 16 10:28:33.132500 2019] [core:warn] [pid 1] AH00045: child process 39 still did not exit, sending a SIGTERM
[Wed Oct 16 10:28:33.132509 2019] [core:warn] [pid 1] AH00045: child process 802 still did not exit, sending a SIGTERM
[Wed Oct 16 10:28:34.133548 2019] [core:warn] [pid 1] AH00045: child process 16 still did not exit, sending a SIGTERM
[Wed Oct 16 10:28:34.133584 2019] [core:warn] [pid 1] AH00045: child process 17 still did not exit, sending a SIGTERM
[Wed Oct 16 10:28:34.133622 2019] [core:warn] [pid 1] AH00045: child process 18 still did not exit, sending a SIGTERM
[Wed Oct 16 10:28:34.133631 2019] [core:warn] [pid 1] AH00045: child process 19 still did not exit, sending a SIGTERM
[Wed Oct 16 10:28:34.133640 2019] [core:warn] [pid 1] AH00045: child process 20 still did not exit, sending a SIGTERM
[Wed Oct 16 10:28:34.133649 2019] [core:warn] [pid 1] AH00045: child process 27 still did not exit, sending a SIGTERM
[Wed Oct 16 10:28:34.133658 2019] [core:warn] [pid 1] AH00045: child process 28 still did not exit, sending a SIGTERM
[Wed Oct 16 10:28:34.133666 2019] [core:warn] [pid 1] AH00045: child process 39 still did not exit, sending a SIGTERM
[Wed Oct 16 10:28:34.133675 2019] [core:warn] [pid 1] AH00045: child process 802 still did not exit, sending a SIGTERM
[Wed Oct 16 10:28:36.135738 2019] [core:warn] [pid 1] AH00045: child process 16 still did not exit, sending a SIGTERM
[Wed Oct 16 10:28:36.135773 2019] [core:warn] [pid 1] AH00045: child process 17 still did not exit, sending a SIGTERM
[Wed Oct 16 10:28:36.135782 2019] [core:warn] [pid 1] AH00045: child process 18 still did not exit, sending a SIGTERM
[Wed Oct 16 10:28:36.135803 2019] [core:warn] [pid 1] AH00045: child process 19 still did not exit, sending a SIGTERM
[Wed Oct 16 10:28:36.135811 2019] [core:warn] [pid 1] AH00045: child process 20 still did not exit, sending a SIGTERM
[Wed Oct 16 10:28:36.135819 2019] [core:warn] [pid 1] AH00045: child process 27 still did not exit, sending a SIGTERM
[Wed Oct 16 10:28:36.135827 2019] [core:warn] [pid 1] AH00045: child process 28 still did not exit, sending a SIGTERM
[Wed Oct 16 10:28:36.135835 2019] [core:warn] [pid 1] AH00045: child process 39 still did not exit, sending a SIGTERM
[Wed Oct 16 10:28:36.135843 2019] [core:warn] [pid 1] AH00045: child process 802 still did not exit, sending a SIGTERM
[Wed Oct 16 10:28:38.137963 2019] [core:error] [pid 1] AH00046: child process 16 still did not exit, sending a SIGKILL
[Wed Oct 16 10:28:38.138010 2019] [core:error] [pid 1] AH00046: child process 17 still did not exit, sending a SIGKILL
[Wed Oct 16 10:28:38.138025 2019] [core:error] [pid 1] AH00046: child process 18 still did not exit, sending a SIGKILL
[Wed Oct 16 10:28:38.138041 2019] [core:error] [pid 1] AH00046: child process 19 still did not exit, sending a SIGKILL
[Wed Oct 16 10:28:38.138057 2019] [core:error] [pid 1] AH00046: child process 20 still did not exit, sending a SIGKILL
[Wed Oct 16 10:28:38.138073 2019] [core:error] [pid 1] AH00046: child process 27 still did not exit, sending a SIGKILL
[Wed Oct 16 10:28:38.138093 2019] [core:error] [pid 1] AH00046: child process 28 still did not exit, sending a SIGKILL
[Wed Oct 16 10:28:38.138108 2019] [core:error] [pid 1] AH00046: child process 39 still did not exit, sending a SIGKILL
[Wed Oct 16 10:28:38.138124 2019] [core:error] [pid 1] AH00046: child process 802 still did not exit, sending a SIGKILL
[Wed Oct 16 10:28:39.455846 2019] [mpm_prefork:notice] [pid 1] AH00169: caught SIGTERM, shutting down
[Thu Oct 17 01:05:32.133739 2019] [mpm_prefork:notice] [pid 1] AH00163: Apache/2.4.25 (Debian) PHP/7.2.10 OpenSSL/1.0.2l configured -- resuming normal operations
[Thu Oct 17 01:05:32.149964 2019] [core:notice] [pid 1] AH00094: Command line: 'apache2 -D FOREGROUND'
[Mon Oct 21 08:13:10.932621 2019] [mpm_prefork:notice] [pid 1] AH00163: Apache/2.4.25 (Debian) PHP/7.2.10 OpenSSL/1.0.2l configured -- resuming normal operations
[Mon Oct 21 08:13:11.013499 2019] [core:notice] [pid 1] AH00094: Command line: 'apache2 -D FOREGROUND'
[Mon Oct 21 10:05:50.975289 2019] [core:warn] [pid 1] AH00045: child process 21 still did not exit, sending a SIGTERM
[Mon Oct 21 10:05:51.089096 2019] [core:warn] [pid 1] AH00045: child process 22 still did not exit, sending a SIGTERM
[Mon Oct 21 10:05:51.089125 2019] [core:warn] [pid 1] AH00045: child process 23 still did not exit, sending a SIGTERM
[Mon Oct 21 10:05:51.089137 2019] [core:warn] [pid 1] AH00045: child process 24 still did not exit, sending a SIGTERM
[Mon Oct 21 10:05:51.089149 2019] [core:warn] [pid 1] AH00045: child process 25 still did not exit, sending a SIGTERM
[Mon Oct 21 10:05:51.089160 2019] [core:warn] [pid 1] AH00045: child process 26 still did not exit, sending a SIGTERM
[Mon Oct 21 10:05:51.089172 2019] [core:warn] [pid 1] AH00045: child process 27 still did not exit, sending a SIGTERM
[Mon Oct 21 10:05:51.089184 2019] [core:warn] [pid 1] AH00045: child process 38 still did not exit, sending a SIGTERM
[Mon Oct 21 10:05:52.112845 2019] [mpm_prefork:notice] [pid 1] AH00169: caught SIGTERM, shutting down
[Tue Oct 22 01:43:48.212540 2019] [mpm_prefork:notice] [pid 1] AH00163: Apache/2.4.25 (Debian) PHP/7.2.10 OpenSSL/1.0.2l configured -- resuming normal operations
[Tue Oct 22 01:43:48.220134 2019] [core:notice] [pid 1] AH00094: Command line: 'apache2 -D FOREGROUND'
[Tue Oct 22 07:21:58.055304 2019] [mpm_prefork:notice] [pid 1] AH00169: caught SIGTERM, shutting down
[Tue Oct 22 07:28:58.031241 2019] [mpm_prefork:notice] [pid 1] AH00163: Apache/2.4.25 (Debian) PHP/7.2.10 OpenSSL/1.0.2l configured -- resuming normal operations
[Tue Oct 22 07:28:58.048803 2019] [core:notice] [pid 1] AH00094: Command line: 'apache2 -D FOREGROUND'
[Tue Oct 22 08:50:06.783573 2019] [mpm_prefork:notice] [pid 1] AH00169: caught SIGTERM, shutting down
[Tue Oct 22 08:54:53.279477 2019] [mpm_prefork:notice] [pid 1] AH00163: Apache/2.4.25 (Debian) PHP/7.2.10 OpenSSL/1.0.2l configured -- resuming normal operations
[Tue Oct 22 08:54:53.299871 2019] [core:notice] [pid 1] AH00094: Command line: 'apache2 -D FOREGROUND'
[Tue Oct 22 10:05:15.187852 2019] [mpm_prefork:notice] [pid 1] AH00169: caught SIGTERM, shutting down
[Wed Oct 23 01:00:54.881654 2019] [mpm_prefork:notice] [pid 1] AH00163: Apache/2.4.25 (Debian) PHP/7.2.10 OpenSSL/1.0.2l configured -- resuming normal operations
[Wed Oct 23 01:00:54.904226 2019] [core:notice] [pid 1] AH00094: Command line: 'apache2 -D FOREGROUND'
[Wed Oct 23 10:05:58.150271 2019] [core:warn] [pid 1] AH00045: child process 16 still did not exit, sending a SIGTERM
[Wed Oct 23 10:05:58.999154 2019] [core:warn] [pid 1] AH00045: child process 17 still did not exit, sending a SIGTERM
[Wed Oct 23 10:05:58.999176 2019] [core:warn] [pid 1] AH00045: child process 18 still did not exit, sending a SIGTERM
[Wed Oct 23 10:05:58.999185 2019] [core:warn] [pid 1] AH00045: child process 19 still did not exit, sending a SIGTERM
[Wed Oct 23 10:05:58.999194 2019] [core:warn] [pid 1] AH00045: child process 20 still did not exit, sending a SIGTERM
[Wed Oct 23 10:05:58.999202 2019] [core:warn] [pid 1] AH00045: child process 21 still did not exit, sending a SIGTERM
[Wed Oct 23 10:05:58.999211 2019] [core:warn] [pid 1] AH00045: child process 22 still did not exit, sending a SIGTERM
[Wed Oct 23 10:05:58.999220 2019] [core:warn] [pid 1] AH00045: child process 23 still did not exit, sending a SIGTERM
[Wed Oct 23 10:05:58.999229 2019] [core:warn] [pid 1] AH00045: child process 84 still did not exit, sending a SIGTERM
[Wed Oct 23 10:06:00.000272 2019] [core:warn] [pid 1] AH00045: child process 16 still did not exit, sending a SIGTERM
[Wed Oct 23 10:06:00.029880 2019] [core:warn] [pid 1] AH00045: child process 17 still did not exit, sending a SIGTERM
[Wed Oct 23 10:06:00.029895 2019] [core:warn] [pid 1] AH00045: child process 18 still did not exit, sending a SIGTERM
[Wed Oct 23 10:06:00.029904 2019] [core:warn] [pid 1] AH00045: child process 19 still did not exit, sending a SIGTERM
[Wed Oct 23 10:06:00.029913 2019] [core:warn] [pid 1] AH00045: child process 20 still did not exit, sending a SIGTERM
[Wed Oct 23 10:06:00.029922 2019] [core:warn] [pid 1] AH00045: child process 21 still did not exit, sending a SIGTERM
[Wed Oct 23 10:06:00.029930 2019] [core:warn] [pid 1] AH00045: child process 22 still did not exit, sending a SIGTERM
[Wed Oct 23 10:06:00.029940 2019] [core:warn] [pid 1] AH00045: child process 23 still did not exit, sending a SIGTERM
[Wed Oct 23 10:06:00.029948 2019] [core:warn] [pid 1] AH00045: child process 84 still did not exit, sending a SIGTERM
[Wed Oct 23 10:06:02.032035 2019] [core:warn] [pid 1] AH00045: child process 16 still did not exit, sending a SIGTERM
[Wed Oct 23 10:06:02.032076 2019] [core:warn] [pid 1] AH00045: child process 17 still did not exit, sending a SIGTERM
[Wed Oct 23 10:06:02.032085 2019] [core:warn] [pid 1] AH00045: child process 18 still did not exit, sending a SIGTERM
[Wed Oct 23 10:06:02.032094 2019] [core:warn] [pid 1] AH00045: child process 19 still did not exit, sending a SIGTERM
[Wed Oct 23 10:06:02.032102 2019] [core:warn] [pid 1] AH00045: child process 20 still did not exit, sending a SIGTERM
[Wed Oct 23 10:06:02.032111 2019] [core:warn] [pid 1] AH00045: child process 21 still did not exit, sending a SIGTERM
[Wed Oct 23 10:06:02.032120 2019] [core:warn] [pid 1] AH00045: child process 22 still did not exit, sending a SIGTERM
[Wed Oct 23 10:06:02.032129 2019] [core:warn] [pid 1] AH00045: child process 23 still did not exit, sending a SIGTERM
[Wed Oct 23 10:06:02.032138 2019] [core:warn] [pid 1] AH00045: child process 84 still did not exit, sending a SIGTERM
[Wed Oct 23 10:06:04.033760 2019] [core:error] [pid 1] AH00046: child process 16 still did not exit, sending a SIGKILL
[Wed Oct 23 10:06:04.033828 2019] [core:error] [pid 1] AH00046: child process 17 still did not exit, sending a SIGKILL
[Wed Oct 23 10:06:04.033845 2019] [core:error] [pid 1] AH00046: child process 18 still did not exit, sending a SIGKILL
[Wed Oct 23 10:06:04.033863 2019] [core:error] [pid 1] AH00046: child process 19 still did not exit, sending a SIGKILL
[Wed Oct 23 10:06:04.033878 2019] [core:error] [pid 1] AH00046: child process 20 still did not exit, sending a SIGKILL
[Wed Oct 23 10:06:04.033896 2019] [core:error] [pid 1] AH00046: child process 21 still did not exit, sending a SIGKILL
[Wed Oct 23 10:06:04.033911 2019] [core:error] [pid 1] AH00046: child process 22 still did not exit, sending a SIGKILL
[Wed Oct 23 10:06:04.033925 2019] [core:error] [pid 1] AH00046: child process 23 still did not exit, sending a SIGKILL
[Wed Oct 23 10:06:04.033939 2019] [core:error] [pid 1] AH00046: child process 84 still did not exit, sending a SIGKILL
[Wed Oct 23 10:06:05.533405 2019] [mpm_prefork:notice] [pid 1] AH00169: caught SIGTERM, shutting down
[Thu Oct 24 01:22:25.684286 2019] [mpm_prefork:notice] [pid 1] AH00163: Apache/2.4.25 (Debian) PHP/7.2.10 OpenSSL/1.0.2l configured -- resuming normal operations
[Thu Oct 24 01:22:25.704596 2019] [core:notice] [pid 1] AH00094: Command line: 'apache2 -D FOREGROUND'
[Thu Oct 24 10:16:01.115268 2019] [core:warn] [pid 1] AH00045: child process 16 still did not exit, sending a SIGTERM
[Thu Oct 24 10:16:01.197373 2019] [core:warn] [pid 1] AH00045: child process 17 still did not exit, sending a SIGTERM
[Thu Oct 24 10:16:01.197392 2019] [core:warn] [pid 1] AH00045: child process 18 still did not exit, sending a SIGTERM
[Thu Oct 24 10:16:01.197401 2019] [core:warn] [pid 1] AH00045: child process 19 still did not exit, sending a SIGTERM
[Thu Oct 24 10:16:01.197410 2019] [core:warn] [pid 1] AH00045: child process 20 still did not exit, sending a SIGTERM
[Thu Oct 24 10:16:01.197419 2019] [core:warn] [pid 1] AH00045: child process 21 still did not exit, sending a SIGTERM
[Thu Oct 24 10:16:01.197428 2019] [core:warn] [pid 1] AH00045: child process 22 still did not exit, sending a SIGTERM
[Thu Oct 24 10:16:01.197437 2019] [core:warn] [pid 1] AH00045: child process 23 still did not exit, sending a SIGTERM
[Thu Oct 24 10:16:03.199373 2019] [core:warn] [pid 1] AH00045: child process 16 still did not exit, sending a SIGTERM
[Thu Oct 24 10:16:03.199418 2019] [core:warn] [pid 1] AH00045: child process 17 still did not exit, sending a SIGTERM
[Thu Oct 24 10:16:03.199431 2019] [core:warn] [pid 1] AH00045: child process 18 still did not exit, sending a SIGTERM
[Thu Oct 24 10:16:03.199444 2019] [core:warn] [pid 1] AH00045: child process 19 still did not exit, sending a SIGTERM
[Thu Oct 24 10:16:03.199456 2019] [core:warn] [pid 1] AH00045: child process 20 still did not exit, sending a SIGTERM
[Thu Oct 24 10:16:03.199468 2019] [core:warn] [pid 1] AH00045: child process 21 still did not exit, sending a SIGTERM
[Thu Oct 24 10:16:03.199481 2019] [core:warn] [pid 1] AH00045: child process 22 still did not exit, sending a SIGTERM
[Thu Oct 24 10:16:03.199493 2019] [core:warn] [pid 1] AH00045: child process 23 still did not exit, sending a SIGTERM
[Thu Oct 24 10:16:04.371705 2019] [mpm_prefork:notice] [pid 1] AH00169: caught SIGTERM, shutting down
[Tue Nov 26 03:15:52.545398 2019] [mpm_prefork:notice] [pid 1] AH00163: Apache/2.4.25 (Debian) PHP/7.2.10 OpenSSL/1.0.2l configured -- resuming normal operations
[Tue Nov 26 03:15:52.581389 2019] [core:notice] [pid 1] AH00094: Command line: 'apache2 -D FOREGROUND'
[Tue Dec 03 05:27:57.304809 2019] [mpm_prefork:notice] [pid 1] AH00163: Apache/2.4.25 (Debian) PHP/7.2.10 OpenSSL/1.0.2l configured -- resuming normal operations
[Tue Dec 03 05:27:57.318389 2019] [core:notice] [pid 1] AH00094: Command line: 'apache2 -D FOREGROUND'
[Tue Dec 03 10:15:29.267837 2019] [mpm_prefork:notice] [pid 1] AH00169: caught SIGTERM, shutting down
[Wed Dec 04 01:36:26.209987 2019] [mpm_prefork:notice] [pid 1] AH00163: Apache/2.4.25 (Debian) PHP/7.2.10 OpenSSL/1.0.2l configured -- resuming normal operations
[Wed Dec 04 01:36:26.236204 2019] [core:notice] [pid 1] AH00094: Command line: 'apache2 -D FOREGROUND'
[Wed Dec 04 10:40:25.776475 2019] [core:warn] [pid 1] AH00045: child process 19 still did not exit, sending a SIGTERM
[Wed Dec 04 10:40:26.505250 2019] [core:warn] [pid 1] AH00045: child process 21 still did not exit, sending a SIGTERM
[Wed Dec 04 10:40:26.505280 2019] [core:warn] [pid 1] AH00045: child process 22 still did not exit, sending a SIGTERM
[Wed Dec 04 10:40:26.505290 2019] [core:warn] [pid 1] AH00045: child process 23 still did not exit, sending a SIGTERM
[Wed Dec 04 10:40:26.505299 2019] [core:warn] [pid 1] AH00045: child process 24 still did not exit, sending a SIGTERM
[Wed Dec 04 10:40:26.505309 2019] [core:warn] [pid 1] AH00045: child process 32 still did not exit, sending a SIGTERM
[Wed Dec 04 10:40:26.505317 2019] [core:warn] [pid 1] AH00045: child process 33 still did not exit, sending a SIGTERM
[Wed Dec 04 10:40:26.505326 2019] [core:warn] [pid 1] AH00045: child process 29 still did not exit, sending a SIGTERM
[Wed Dec 04 10:40:26.505335 2019] [core:warn] [pid 1] AH00045: child process 30 still did not exit, sending a SIGTERM
[Wed Dec 04 10:40:26.505344 2019] [core:warn] [pid 1] AH00045: child process 31 still did not exit, sending a SIGTERM
[Wed Dec 04 10:40:27.506411 2019] [core:warn] [pid 1] AH00045: child process 19 still did not exit, sending a SIGTERM
[Wed Dec 04 10:40:27.506451 2019] [core:warn] [pid 1] AH00045: child process 21 still did not exit, sending a SIGTERM
[Wed Dec 04 10:40:27.506461 2019] [core:warn] [pid 1] AH00045: child process 22 still did not exit, sending a SIGTERM
[Wed Dec 04 10:40:27.506469 2019] [core:warn] [pid 1] AH00045: child process 23 still did not exit, sending a SIGTERM
[Wed Dec 04 10:40:27.506478 2019] [core:warn] [pid 1] AH00045: child process 24 still did not exit, sending a SIGTERM
[Wed Dec 04 10:40:27.506487 2019] [core:warn] [pid 1] AH00045: child process 32 still did not exit, sending a SIGTERM
[Wed Dec 04 10:40:27.506497 2019] [core:warn] [pid 1] AH00045: child process 33 still did not exit, sending a SIGTERM
[Wed Dec 04 10:40:27.506506 2019] [core:warn] [pid 1] AH00045: child process 29 still did not exit, sending a SIGTERM
[Wed Dec 04 10:40:27.506515 2019] [core:warn] [pid 1] AH00045: child process 30 still did not exit, sending a SIGTERM
[Wed Dec 04 10:40:27.506523 2019] [core:warn] [pid 1] AH00045: child process 31 still did not exit, sending a SIGTERM
[Wed Dec 04 10:40:29.508658 2019] [core:warn] [pid 1] AH00045: child process 19 still did not exit, sending a SIGTERM
[Wed Dec 04 10:40:29.508700 2019] [core:warn] [pid 1] AH00045: child process 21 still did not exit, sending a SIGTERM
[Wed Dec 04 10:40:29.508710 2019] [core:warn] [pid 1] AH00045: child process 22 still did not exit, sending a SIGTERM
[Wed Dec 04 10:40:29.508719 2019] [core:warn] [pid 1] AH00045: child process 23 still did not exit, sending a SIGTERM
[Wed Dec 04 10:40:29.508727 2019] [core:warn] [pid 1] AH00045: child process 24 still did not exit, sending a SIGTERM
[Wed Dec 04 10:40:29.508736 2019] [core:warn] [pid 1] AH00045: child process 32 still did not exit, sending a SIGTERM
[Wed Dec 04 10:40:29.508745 2019] [core:warn] [pid 1] AH00045: child process 33 still did not exit, sending a SIGTERM
[Wed Dec 04 10:40:29.508755 2019] [core:warn] [pid 1] AH00045: child process 29 still did not exit, sending a SIGTERM
[Wed Dec 04 10:40:29.508763 2019] [core:warn] [pid 1] AH00045: child process 30 still did not exit, sending a SIGTERM
[Wed Dec 04 10:40:29.508772 2019] [core:warn] [pid 1] AH00045: child process 31 still did not exit, sending a SIGTERM
[Wed Dec 04 10:40:31.510912 2019] [core:error] [pid 1] AH00046: child process 19 still did not exit, sending a SIGKILL
[Wed Dec 04 10:40:31.510963 2019] [core:error] [pid 1] AH00046: child process 21 still did not exit, sending a SIGKILL
[Wed Dec 04 10:40:31.510976 2019] [core:error] [pid 1] AH00046: child process 22 still did not exit, sending a SIGKILL
[Wed Dec 04 10:40:31.510990 2019] [core:error] [pid 1] AH00046: child process 23 still did not exit, sending a SIGKILL
[Wed Dec 04 10:40:31.511045 2019] [core:error] [pid 1] AH00046: child process 24 still did not exit, sending a SIGKILL
[Wed Dec 04 10:40:31.511064 2019] [core:error] [pid 1] AH00046: child process 32 still did not exit, sending a SIGKILL
[Wed Dec 04 10:40:31.511079 2019] [core:error] [pid 1] AH00046: child process 33 still did not exit, sending a SIGKILL
[Wed Dec 04 10:40:31.511093 2019] [core:error] [pid 1] AH00046: child process 29 still did not exit, sending a SIGKILL
[Wed Dec 04 10:40:31.511108 2019] [core:error] [pid 1] AH00046: child process 30 still did not exit, sending a SIGKILL
[Wed Dec 04 10:40:31.511122 2019] [core:error] [pid 1] AH00046: child process 31 still did not exit, sending a SIGKILL
[Wed Dec 04 10:40:36.541900 2019] [mpm_prefork:notice] [pid 1] AH00169: caught SIGTERM, shutting down
[Thu Dec 05 01:52:36.124058 2019] [mpm_prefork:notice] [pid 1] AH00163: Apache/2.4.25 (Debian) PHP/7.2.10 OpenSSL/1.0.2l configured -- resuming normal operations
[Thu Dec 05 01:52:36.153395 2019] [core:notice] [pid 1] AH00094: Command line: 'apache2 -D FOREGROUND'
[Thu Dec 05 05:57:56.945556 2019] [mpm_prefork:notice] [pid 1] AH00163: Apache/2.4.25 (Debian) PHP/7.2.10 OpenSSL/1.0.2l configured -- resuming normal operations
[Thu Dec 05 05:57:56.972103 2019] [core:notice] [pid 1] AH00094: Command line: 'apache2 -D FOREGROUND'
[Wed Jan 15 07:37:21.403231 2020] [mpm_prefork:notice] [pid 1] AH00163: Apache/2.4.25 (Debian) PHP/7.2.10 OpenSSL/1.0.2l configured -- resuming normal operations
[Wed Jan 15 07:37:21.443292 2020] [core:notice] [pid 1] AH00094: Command line: 'apache2 -D FOREGROUND'
[Wed Jan 22 03:20:18.110691 2020] [mpm_prefork:notice] [pid 1] AH00163: Apache/2.4.25 (Debian) PHP/7.2.10 OpenSSL/1.0.2l configured -- resuming normal operations
[Wed Jan 22 03:20:18.136320 2020] [core:notice] [pid 1] AH00094: Command line: 'apache2 -D FOREGROUND'
[Wed Jan 22 10:27:50.369857 2020] [mpm_prefork:notice] [pid 1] AH00163: Apache/2.4.25 (Debian) PHP/7.2.10 OpenSSL/1.0.2l configured -- resuming normal operations
[Wed Jan 22 10:27:50.405797 2020] [core:notice] [pid 1] AH00094: Command line: 'apache2 -D FOREGROUND'
[Thu Jan 23 05:21:13.449337 2020] [mpm_prefork:notice] [pid 1] AH00163: Apache/2.4.25 (Debian) PHP/7.2.10 OpenSSL/1.0.2l configured -- resuming normal operations
[Thu Jan 23 05:21:13.472244 2020] [core:notice] [pid 1] AH00094: Command line: 'apache2 -D FOREGROUND'
[Thu Jan 23 06:00:10.779122 2020] [core:warn] [pid 1] AH00045: child process 17 still did not exit, sending a SIGTERM
[Thu Jan 23 06:00:12.078798 2020] [core:warn] [pid 1] AH00045: child process 18 still did not exit, sending a SIGTERM
[Thu Jan 23 06:00:12.078865 2020] [core:warn] [pid 1] AH00045: child process 19 still did not exit, sending a SIGTERM
[Thu Jan 23 06:00:12.078888 2020] [core:warn] [pid 1] AH00045: child process 20 still did not exit, sending a SIGTERM
[Thu Jan 23 06:00:12.078910 2020] [core:warn] [pid 1] AH00045: child process 21 still did not exit, sending a SIGTERM
[Thu Jan 23 06:00:12.078929 2020] [core:warn] [pid 1] AH00045: child process 34 still did not exit, sending a SIGTERM
[Thu Jan 23 06:00:12.078949 2020] [core:warn] [pid 1] AH00045: child process 35 still did not exit, sending a SIGTERM
[Thu Jan 23 06:00:12.078969 2020] [core:warn] [pid 1] AH00045: child process 36 still did not exit, sending a SIGTERM
[Thu Jan 23 06:00:12.078984 2020] [core:warn] [pid 1] AH00045: child process 37 still did not exit, sending a SIGTERM
[Thu Jan 23 06:00:12.078999 2020] [core:warn] [pid 1] AH00045: child process 38 still did not exit, sending a SIGTERM
[Thu Jan 23 06:00:13.080053 2020] [core:warn] [pid 1] AH00045: child process 17 still did not exit, sending a SIGTERM
[Thu Jan 23 06:00:13.080105 2020] [core:warn] [pid 1] AH00045: child process 18 still did not exit, sending a SIGTERM
[Thu Jan 23 06:00:13.080117 2020] [core:warn] [pid 1] AH00045: child process 19 still did not exit, sending a SIGTERM
[Thu Jan 23 06:00:13.080127 2020] [core:warn] [pid 1] AH00045: child process 20 still did not exit, sending a SIGTERM
[Thu Jan 23 06:00:13.080154 2020] [core:warn] [pid 1] AH00045: child process 21 still did not exit, sending a SIGTERM
[Thu Jan 23 06:00:13.080164 2020] [core:warn] [pid 1] AH00045: child process 34 still did not exit, sending a SIGTERM
[Thu Jan 23 06:00:13.080172 2020] [core:warn] [pid 1] AH00045: child process 35 still did not exit, sending a SIGTERM
[Thu Jan 23 06:00:13.080181 2020] [core:warn] [pid 1] AH00045: child process 36 still did not exit, sending a SIGTERM
[Thu Jan 23 06:00:13.080190 2020] [core:warn] [pid 1] AH00045: child process 37 still did not exit, sending a SIGTERM
[Thu Jan 23 06:00:13.080198 2020] [core:warn] [pid 1] AH00045: child process 38 still did not exit, sending a SIGTERM
[Thu Jan 23 06:00:14.080852 2020] [core:warn] [pid 1] AH00045: child process 17 still did not exit, sending a SIGTERM
[Thu Jan 23 06:00:14.080961 2020] [core:warn] [pid 1] AH00045: child process 18 still did not exit, sending a SIGTERM
[Thu Jan 23 06:00:14.080990 2020] [core:warn] [pid 1] AH00045: child process 19 still did not exit, sending a SIGTERM
[Thu Jan 23 06:00:14.081014 2020] [core:warn] [pid 1] AH00045: child process 20 still did not exit, sending a SIGTERM
[Thu Jan 23 06:00:14.081039 2020] [core:warn] [pid 1] AH00045: child process 21 still did not exit, sending a SIGTERM
[Thu Jan 23 06:00:14.081063 2020] [core:warn] [pid 1] AH00045: child process 34 still did not exit, sending a SIGTERM
[Thu Jan 23 06:00:14.081087 2020] [core:warn] [pid 1] AH00045: child process 35 still did not exit, sending a SIGTERM
[Thu Jan 23 06:00:14.081110 2020] [core:warn] [pid 1] AH00045: child process 36 still did not exit, sending a SIGTERM
[Thu Jan 23 06:00:14.081135 2020] [core:warn] [pid 1] AH00045: child process 37 still did not exit, sending a SIGTERM
[Thu Jan 23 06:00:14.081159 2020] [core:warn] [pid 1] AH00045: child process 38 still did not exit, sending a SIGTERM
